<?xml version="1.0" encoding="UTF-8"?>
<!-- Generated by org.testng.reporters.JUnitReportReporter -->
<testsuite hostname="DESKTOP-2PN8K12" failures="1" tests="4" name="TestRunner.CucumberTestRunner" time="34.359" errors="0" timestamp="2024-10-19T16:38:35 IST" skipped="0">
  <testcase classname="TestRunner.CucumberTestRunner" name="runScenario" time="8.216"/>
  <system-out/>
  <testcase classname="TestRunner.CucumberTestRunner" name="runScenario" time="12.280"/>
  <system-out/>
  <testcase classname="TestRunner.CucumberTestRunner" name="runScenario" time="7.904"/>
  <system-out/>
  <testcase classname="TestRunner.CucumberTestRunner" name="runScenario" time="5.959">
    <failure message="expected [true] but found [false]" type="java.lang.AssertionError">
      <![CDATA[java.lang.AssertionError: expected [true] but found [false]
at org.testng.Assert.fail(Assert.java:99)
at org.testng.Assert.failNotEquals(Assert.java:1037)
at org.testng.Assert.assertTrue(Assert.java:45)
at org.testng.Assert.assertTrue(Assert.java:55)
at stepDefinitions.LoginStepDefintion.user_can_see_ornage_hrm_logo(LoginStepDefintion.java:57)
at âœ½.User can see ornageHrm logo(file:///F:/Selenium/CucumberOrangehrmdemo/src/test/resources/features/login.feature:27)
]]>
    </failure>
  </testcase> <!-- runScenario -->
  <system-out/>
</testsuite> <!-- TestRunner.CucumberTestRunner -->
